SF:lib/application/di/infurastructure.dart
DA:9,3
DA:10,0
DA:11,0
DA:12,0
DA:13,0
DA:14,0
DA:15,0
DA:16,0
DA:17,0
DA:18,0
DA:19,0
LF:11
LH:1
end_of_record
SF:lib/infrastructure/search_fake_api_repository.dart
DA:10,1
DA:14,2
DA:15,1
DA:16,1
DA:17,2
DA:22,1
DA:26,1
LF:7
LH:7
end_of_record
SF:lib/presentation/view/pages/search_api_list_page.dart
DA:17,1
DA:18,1
DA:20,3
DA:21,2
DA:22,2
DA:23,1
DA:24,1
DA:25,2
DA:27,1
DA:28,1
DA:29,1
DA:30,1
DA:31,1
DA:32,1
DA:34,1
DA:35,1
DA:36,1
DA:38,1
DA:39,3
DA:40,2
DA:42,2
DA:46,1
DA:47,1
DA:49,1
DA:50,2
DA:53,2
DA:54,0
DA:56,1
DA:59,2
DA:60,1
DA:61,2
DA:62,1
DA:63,1
DA:64,1
DA:65,1
DA:67,2
DA:68,2
DA:69,2
DA:71,2
DA:73,1
DA:81,0
DA:82,0
DA:83,0
DA:91,2
DA:92,2
DA:94,1
LF:46
LH:42
end_of_record
SF:lib/application/config/flavor.dart
DA:4,0
DA:7,0
DA:9,0
DA:11,0
DA:13,0
DA:15,0
LF:6
LH:0
end_of_record
SF:lib/infrastructure/search_github_api_repository.dart
DA:10,0
DA:16,0
DA:19,0
DA:20,0
DA:21,0
DA:22,0
DA:23,0
LF:7
LH:0
end_of_record
SF:lib/application/di/use_cases.dart
DA:6,3
DA:7,1
DA:8,3
DA:9,2
DA:10,1
LF:5
LH:5
end_of_record
SF:lib/application/state/search_api_notifier.dart
DA:9,1
DA:14,1
DA:15,1
DA:18,1
DA:19,1
DA:20,1
DA:21,2
DA:23,1
DA:24,3
LF:9
LH:9
end_of_record
SF:lib/application/state/search_api_notifier.g.dart
DA:13,0
DA:15,0
DA:17,0
DA:19,0
DA:20,0
DA:23,0
DA:25,0
DA:27,0
DA:28,0
DA:32,1
DA:35,2
DA:36,1
LF:12
LH:3
end_of_record
SF:lib/application/use_case/search_github_data.dart
DA:8,1
DA:10,1
DA:11,2
DA:12,2
DA:13,2
LF:5
LH:5
end_of_record
SF:lib/damain/entity/search_api_struct.dart
DA:15,1
DA:16,1
DA:35,2
DA:47,2
LF:4
LH:4
end_of_record
SF:lib/damain/entity/search_api_struct.g.dart
DA:9,1
DA:11,1
DA:12,1
DA:13,1
DA:14,3
DA:15,1
DA:18,0
DA:20,0
DA:21,0
DA:22,0
DA:25,2
DA:26,1
DA:27,1
DA:28,1
DA:29,1
DA:30,1
DA:31,1
DA:32,1
DA:33,2
DA:36,0
DA:37,0
DA:38,0
DA:39,0
DA:40,0
DA:41,0
DA:42,0
DA:43,0
DA:44,0
DA:47,2
DA:48,1
DA:51,0
DA:52,0
LF:32
LH:17
end_of_record
SF:lib/damain/types/error.dart
DA:7,2
DA:11,0
DA:12,0
LF:3
LH:1
end_of_record
SF:lib/application/state/text_editing_controller_provider.dart
DA:4,5
LF:1
LH:1
end_of_record
SF:lib/presentation/view/components/atoms/buttons/search_elevatate_button.dart
DA:5,1
DA:14,1
DA:16,1
DA:18,1
DA:19,2
LF:5
LH:5
end_of_record
SF:lib/presentation/view/components/atoms/device_center_widget.dart
DA:4,2
DA:7,1
DA:9,1
DA:10,4
DA:12,1
LF:5
LH:5
end_of_record
SF:lib/presentation/view/components/atoms/forms/search_form.dart
DA:5,1
DA:12,1
DA:14,1
DA:16,1
DA:17,1
DA:22,1
LF:6
LH:6
end_of_record
SF:lib/presentation/view/components/atoms/texts/normal_text.dart
DA:4,1
DA:8,1
DA:10,1
DA:11,1
DA:12,1
DA:13,1
LF:6
LH:6
end_of_record
SF:lib/presentation/view/components/molecules/response_icon_count.dart
DA:4,1
DA:12,1
DA:14,1
DA:15,1
DA:16,2
DA:17,2
LF:6
LH:6
end_of_record
SF:lib/presentation/view/components/molecules/response_list_tile.dart
DA:4,1
DA:15,1
DA:17,1
DA:18,1
DA:19,2
DA:20,2
LF:6
LH:6
end_of_record
SF:lib/presentation/view/components/organisms/response_detail_card.dart
DA:7,1
DA:28,1
DA:30,1
DA:31,1
DA:32,1
DA:33,1
DA:35,1
DA:36,1
DA:37,1
DA:38,1
DA:39,0
DA:46,1
DA:47,1
DA:49,1
DA:51,1
DA:52,1
DA:53,1
DA:54,1
DA:57,1
DA:58,1
DA:59,1
DA:62,1
DA:63,1
DA:64,1
DA:67,1
DA:68,1
DA:69,1
LF:27
LH:26
end_of_record
SF:lib/presentation/view/components/organisms/search_bar.dart
DA:6,1
DA:15,1
DA:17,1
DA:18,1
DA:19,1
DA:21,1
DA:22,1
DA:25,1
DA:28,1
DA:30,1
DA:31,1
LF:11
LH:11
end_of_record
